[32mm001tblz[0m ]8;;https://www.bbc.co.uk/iplayer/group/m001tblz\Sir David Attenborough]8;;\
├── [90mm0023h9c[0m ]8;;https://www.bbc.co.uk/iplayer/episodes/m0023h9c\Asia]8;;\
├── [90mp04tjbtx[0m ]8;;https://www.bbc.co.uk/iplayer/episodes/p04tjbtx\Blue Planet II]8;;\
├── [90mb008044n[0m ]8;;https://www.bbc.co.uk/iplayer/episodes/b008044n\The Blue Planet]8;;\
├── [90mp0gjwxhv[0m ]8;;https://www.bbc.co.uk/iplayer/episodes/p0gjwxhv\Planet Earth III]8;;\
├── [90mp02544td[0m ]8;;https://www.bbc.co.uk/iplayer/episodes/p02544td\Planet Earth II]8;;\
├── [90mb006mywy[0m ]8;;https://www.bbc.co.uk/iplayer/episodes/b006mywy\Planet Earth]8;;\
├── [90mp0f0t5dp[0m ]8;;https://www.bbc.co.uk/iplayer/episodes/p0f0t5dp\Wild Isles]8;;\
├── [90mm001xxn5[0m ]8;;https://www.bbc.co.uk/iplayer/episodes/m001xxn5\Mammals]8;;\
├── [90mp0cw0nb8[0m ]8;;https://www.bbc.co.uk/iplayer/episodes/p0cw0nb8\Frozen Planet II]8;;\
├── [90mb00mfl7n[0m ]8;;https://www.bbc.co.uk/iplayer/episodes/b00mfl7n\Frozen Planet]8;;\
├── [90mm0013cl7[0m ]8;;https://www.bbc.co.uk/iplayer/episodes/m0013cl7\The Green Planet]8;;\
├── [90mb00lbpcy[0m ]8;;https://www.bbc.co.uk/iplayer/episodes/b00lbpcy\Life]8;;\
├── [90mb01qjcmb[0m ]8;;https://www.bbc.co.uk/iplayer/episodes/b01qjcmb\Life on Earth]8;;\
├── [90mp010jc6p[0m ]8;;https://www.bbc.co.uk/iplayer/episodes/p010jc6p\Africa]8;;\
├── [90mm0010bc1[0m ]8;;https://www.bbc.co.uk/iplayer/episodes/m0010bc1\The Mating Game]8;;\
├── [90mp06mvmmr[0m ]8;;https://www.bbc.co.uk/iplayer/episodes/p06mvmmr\Dynasties]8;;\
├── [90mm001txg2[0m ]8;;https://www.bbc.co.uk/iplayer/episodes/m001txg2\Attenborough and the Giant Sea Monster]8;;\
├── [90mm0016djt[0m ]8;;https://www.bbc.co.uk/iplayer/episodes/m0016djt\Dinosaurs: The Final Day with David Attenborough]8;;\
├── [90mp03dwy5z[0m ]8;;https://www.bbc.co.uk/iplayer/episodes/p03dwy5z\Attenborough and the Giant Dinosaur]8;;\
├── [90mb09m2kgl[0m ]8;;https://www.bbc.co.uk/iplayer/episodes/b09m2kgl\Attenborough and the Sea Dragon]8;;\
├── [90mm0012wjh[0m ]8;;https://www.bbc.co.uk/iplayer/episodes/m0012wjh\Attenborough and the Mammoth Graveyard]8;;\
├── [90mp0147qqb[0m ]8;;https://www.bbc.co.uk/iplayer/episodes/p0147qqb\David Attenborough - The Early Years]8;;\
├── [90mp00zsqsr[0m ]8;;https://www.bbc.co.uk/iplayer/episodes/p00zsqsr\Attenborough: 60 Years in the Wild]8;;\
├── [90mm000styx[0m ]8;;https://www.bbc.co.uk/iplayer/episodes/m000styx\Attenborough's Life in Colour]8;;\
├── [90mp03qxjzj[0m ]8;;https://www.bbc.co.uk/iplayer/episodes/p03qxjzj\Attenborough at 90]8;;\
├── [90mp031d2k6[0m ]8;;https://www.bbc.co.uk/iplayer/episodes/p031d2k6\David Attenborough: A Life on Air]8;;\
├── [90mm00049b1[0m ]8;;https://www.bbc.co.uk/iplayer/episodes/m00049b1\Climate Change - The Facts]8;;\
├── [90mm000mn4n[0m ]8;;https://www.bbc.co.uk/iplayer/episodes/m000mn4n\Extinction: The Facts]8;;\
├── [90mm00134jr[0m ]8;;https://www.bbc.co.uk/iplayer/episodes/m00134jr\Attenborough's Wonder of Song]8;;\
├── [90mb07bq08t[0m ]8;;https://www.bbc.co.uk/iplayer/episodes/b07bq08t\Attenborough's Passion Projects]8;;\
├── [90mb00bfyvp[0m ]8;;https://www.bbc.co.uk/iplayer/episodes/b00bfyvp\The Life of Mammals]8;;\
├── [90mp023wbh0[0m ]8;;https://www.bbc.co.uk/iplayer/episodes/p023wbh0\Attenborough's Paradise Birds]8;;\
├── [90mp03qxfsg[0m ]8;;https://www.bbc.co.uk/iplayer/episodes/p03qxfsg\David Attenborough's Zoo Quest in Colour]8;;\
├── [90mb007qn69[0m ]8;;https://www.bbc.co.uk/iplayer/episodes/b007qn69\The Life of Birds]8;;\
├── [90mb01r95v7[0m ]8;;https://www.bbc.co.uk/iplayer/episodes/b01r95v7\The Trials of Life]8;;\
├── [90mb007v5n2[0m ]8;;https://www.bbc.co.uk/iplayer/episodes/b007v5n2\Life in the Freezer]8;;\
├── [90mb007y9sd[0m ]8;;https://www.bbc.co.uk/iplayer/episodes/b007y9sd\Life in the Undergrowth]8;;\
├── [90mb01qbw1w[0m ]8;;https://www.bbc.co.uk/iplayer/episodes/b01qbw1w\The Private Life of Plants]8;;\
├── [90mp002wq9b[0m ]8;;https://www.bbc.co.uk/iplayer/episodes/p002wq9b\Lost Worlds, Vanished Lives]8;;\
├── [90mp026vg04[0m ]8;;https://www.bbc.co.uk/iplayer/episodes/p026vg04\Life Story]8;;\
├── [90mb00v1xk5[0m ]8;;https://www.bbc.co.uk/iplayer/episodes/b00v1xk5\Elsa the Lioness]8;;\
├── [90mp00y02bb[0m ]8;;https://www.bbc.co.uk/iplayer/episodes/p00y02bb\Adventure]8;;\
├── [90mp00xnjrh[0m ]8;;https://www.bbc.co.uk/iplayer/episodes/p00xnjrh\The Miracle of Bali]8;;\
└── [90mp00xjs70[0m ]8;;https://www.bbc.co.uk/iplayer/episodes/p00xjs70\The People of Paradise]8;;\
