[90mp02jbmrc[0m ]8;;https://www.bbc.co.uk/programmes/p02jbmrc\Women's Six Nations Rugby]8;;\
├── [90mp02jbn0r[0m ]8;;https://www.bbc.co.uk/programmes/p02jbn0r\2015]8;;\
├── [90mb08f0m7q[0m ]8;;https://www.bbc.co.uk/programmes/b08f0m7q\2017]8;;\
├── [90mb09rc3y0[0m ]8;;https://www.bbc.co.uk/programmes/b09rc3y0\2018]8;;\
├── [90mm0002fcn[0m ]8;;https://www.bbc.co.uk/programmes/m0002fcn\2019]8;;\
├── [90mm000f1sc[0m ]8;;https://www.bbc.co.uk/programmes/m000f1sc\2020]8;;\
├── [90mp09c2gm4[0m ]8;;https://www.bbc.co.uk/programmes/p09c2gm4\2021]8;;\
├── [90mm0015xch[0m ]8;;https://www.bbc.co.uk/programmes/m0015xch\2022]8;;\
├── [90mm001kl8m[0m ]8;;https://www.bbc.co.uk/programmes/m001kl8m\2023]8;;\
├── [90mm001xqzg[0m ]8;;https://www.bbc.co.uk/programmes/m001xqzg\2024]8;;\
├── [90mm00299wq[0m ]8;;https://www.bbc.co.uk/programmes/m00299wq\2025]8;;\
└── [90mm002twwx[0m ]8;;https://www.bbc.co.uk/programmes/m002twwx\2026]8;;\
    ├── [31;2ml00588nr[0m ]8;;https://www.bbc.co.uk/programmes/l00588nr\Ireland v Scotland]8;;\
    ├── [31;2mm002twww[0m ]8;;https://www.bbc.co.uk/programmes/m002twww\Preview]8;;\
    ├── [31;2mm002v370[0m ]8;;https://www.bbc.co.uk/programmes/m002v370\England v Ireland]8;;\
    ├── [31;2mm002vdtv[0m ]8;;https://www.bbc.co.uk/programmes/m002vdtv\England v Ireland - Highlights]8;;\
    ├── [31;2mm002v6n9[0m ]8;;https://www.bbc.co.uk/programmes/m002v6n9\France v Italy]8;;\
    ├── [95mm002vdts[0m ]8;;https://www.bbc.co.uk/programmes/m002vdts\France v Italy - Highlights]8;;\
    ├── [95mm002v47m[0m ]8;;https://www.bbc.co.uk/programmes/m002v47m\Wales v Scotland]8;;\
    ├── [31;2mm002vdtz[0m ]8;;https://www.bbc.co.uk/programmes/m002vdtz\Wales v Scotland - Highlights]8;;\
    ├── [95mm002w02y[0m ]8;;https://www.bbc.co.uk/programmes/m002w02y\Ireland v Italy]8;;\
    ├── [95mm002vprs[0m ]8;;https://www.bbc.co.uk/programmes/m002vprs\Ireland v Italy - Highlights]8;;\
    ├── [95mm002vdvn[0m ]8;;https://www.bbc.co.uk/programmes/m002vdvn\Scotland v England]8;;\
    ├── [95mm002vprm[0m ]8;;https://www.bbc.co.uk/programmes/m002vprm\Scotland v England - Highlights]8;;\
    ├── [95mm002vdvq[0m ]8;;https://www.bbc.co.uk/programmes/m002vdvq\Wales v France]8;;\
    ├── [95mm002vprp[0m ]8;;https://www.bbc.co.uk/programmes/m002vprp\Wales v France - Highlights]8;;\
    ├── [95mm002vq6l[0m ]8;;https://www.bbc.co.uk/programmes/m002vq6l\England v Wales]8;;\
    ├── [95mm002w075[0m ]8;;https://www.bbc.co.uk/programmes/m002w075\England v Wales - Highlights]8;;\
    ├── [95mm002vsr6[0m ]8;;https://www.bbc.co.uk/programmes/m002vsr6\France v Ireland]8;;\
    ├── [95mm002w079[0m ]8;;https://www.bbc.co.uk/programmes/m002w079\France v Ireland - Highlights]8;;\
    ├── [95ml0058601[0m ]8;;https://www.bbc.co.uk/programmes/l0058601\Italy v Scotland]8;;\
    ├── [95mm002w078[0m ]8;;https://www.bbc.co.uk/programmes/m002w078\Italy v Scotland - Highlights]8;;\
    ├── [95mm002w9l6[0m ]8;;https://www.bbc.co.uk/programmes/m002w9l6\Ireland v Wales]8;;\
    ├── [95mm002w99t[0m ]8;;https://www.bbc.co.uk/programmes/m002w99t\Ireland v Wales - Highlights]8;;\
    ├── [32mm002w9yv[0m ]8;;https://www.bbc.co.uk/programmes/m002w9yv\Italy v England]8;;\
    ├── [95mm002w8w7[0m ]8;;https://www.bbc.co.uk/programmes/m002w8w7\Italy v England - Highlights]8;;\
    ├── [95mm002vh98[0m ]8;;https://www.bbc.co.uk/programmes/m002vh98\Scotland v France]8;;\
    ├── [95mm002w8wq[0m ]8;;https://www.bbc.co.uk/programmes/m002w8wq\Scotland v France - Highlights]8;;\
    ├── [31;2mm002wm38[0m ]8;;https://www.bbc.co.uk/programmes/m002wm38\France v England]8;;\
    ├── [31;2mm002wx18[0m ]8;;https://www.bbc.co.uk/programmes/m002wx18\France v England]8;;\
    ├── [31;2mm002wrp3[0m ]8;;https://www.bbc.co.uk/programmes/m002wrp3\Ireland v Scotland]8;;\
    ├── [31;2mm002wx16[0m ]8;;https://www.bbc.co.uk/programmes/m002wx16\Ireland v Scotland]8;;\
    ├── [31;2mm002wmgc[0m ]8;;https://www.bbc.co.uk/programmes/m002wmgc\Wales v Italy]8;;\
    └── [31;2mm002wx14[0m ]8;;https://www.bbc.co.uk/programmes/m002wx14\Wales v Italy]8;;\
