[32mp02jbmrc[0m ]8;;https://www.bbc.co.uk/programmes/p02jbmrc\Women's Six Nations Rugby]8;;\
├── [95mm002vdts[0m ]8;;https://www.bbc.co.uk/programmes/m002vdts\France v Italy - Highlights]8;;\
├── [95mm002v47m[0m ]8;;https://www.bbc.co.uk/programmes/m002v47m\Wales v Scotland]8;;\
├── [95mm002w02y[0m ]8;;https://www.bbc.co.uk/programmes/m002w02y\Ireland v Italy]8;;\
├── [95mm002vprs[0m ]8;;https://www.bbc.co.uk/programmes/m002vprs\Ireland v Italy - Highlights]8;;\
├── [95mm002vdvn[0m ]8;;https://www.bbc.co.uk/programmes/m002vdvn\Scotland v England]8;;\
├── [95mm002vprm[0m ]8;;https://www.bbc.co.uk/programmes/m002vprm\Scotland v England - Highlights]8;;\
├── [95mm002vdvq[0m ]8;;https://www.bbc.co.uk/programmes/m002vdvq\Wales v France]8;;\
├── [95mm002vprp[0m ]8;;https://www.bbc.co.uk/programmes/m002vprp\Wales v France - Highlights]8;;\
├── [95mm002vq6l[0m ]8;;https://www.bbc.co.uk/programmes/m002vq6l\England v Wales]8;;\
├── [95mm002w075[0m ]8;;https://www.bbc.co.uk/programmes/m002w075\England v Wales - Highlights]8;;\
├── [95mm002vsr6[0m ]8;;https://www.bbc.co.uk/programmes/m002vsr6\France v Ireland]8;;\
├── [95mm002w079[0m ]8;;https://www.bbc.co.uk/programmes/m002w079\France v Ireland - Highlights]8;;\
├── [95ml0058601[0m ]8;;https://www.bbc.co.uk/programmes/l0058601\Italy v Scotland]8;;\
├── [95mm002w078[0m ]8;;https://www.bbc.co.uk/programmes/m002w078\Italy v Scotland - Highlights]8;;\
├── [95mm002w9l6[0m ]8;;https://www.bbc.co.uk/programmes/m002w9l6\Ireland v Wales]8;;\
├── [95mm002w99t[0m ]8;;https://www.bbc.co.uk/programmes/m002w99t\Ireland v Wales - Highlights]8;;\
├── [95mm002w9yv[0m ]8;;https://www.bbc.co.uk/programmes/m002w9yv\Italy v England]8;;\
├── [95mm002w8w7[0m ]8;;https://www.bbc.co.uk/programmes/m002w8w7\Italy v England - Highlights]8;;\
├── [95mm002vh98[0m ]8;;https://www.bbc.co.uk/programmes/m002vh98\Scotland v France]8;;\
└── [95mm002w8wq[0m ]8;;https://www.bbc.co.uk/programmes/m002w8wq\Scotland v France - Highlights]8;;\
